<?xml version="1.0" encoding="UTF-8"?>
<!-- Generated by org.testng.reporters.JUnitXMLReporter -->
<testsuite ignored="0" hostname="DESKTOP-N2PRSIL" failures="0" tests="3" name="Test" time="11.125" errors="0" timestamp="2025-04-04T16:18:03 IST">
  <testcase classname="testBase.BaseClass" name="LoginPage" time="0.741"/>
  <testcase classname="testCases.TC_002AddEmployeeTestCases" name="NavigateToAddEmployeePage" time="2.792"/>
  <testcase classname="testCases.TC_002AddEmployeeTestCases" name="AddEmployee" time="2.331"/>
</testsuite> <!-- Test -->
